<?xml version="1.0" encoding="UTF-8"?>
<!-- Generated by org.testng.reporters.JUnitXMLReporter -->
<testsuite ignored="0" hostname="dellinspiron3580" failures="0" tests="8" name="Default test" time="19.111" errors="0" timestamp="2023-05-21T19:05:52 NPT">
  <testcase classname="blazeDemo.BlazeDemo" name="landingPage" time="2.44"/>
  <testcase classname="blazeDemo.BlazeDemo" name="reservePage" time="0.606"/>
  <testcase classname="blazeDemo.BlazeDemo" name="purchaseTicket" time="1.527"/>
  <testcase classname="blazeDemo.BlazeDemo" name="registerPage" time="6.053"/>
  <testcase classname="blazeDemo.BlazeDemo" name="destOfWeek" time="2.399"/>
  <testcase classname="blazeDemo.BlazeDemo" name="homeLoginPage" time="3.059"/>
  <testcase classname="blazeDemo.BlazeDemo" name="forgotPassword" time="1.562"/>
  <testcase classname="blazeDemo.BlazeDemo" name="resetPassword" time="1.412"/>
</testsuite> <!-- Default test -->
